# JRE version: Java(TM) SE Runtime Environment (8.0_51-b16) (build 1.8.0_51-b16)
# Java VM: Java HotSpot(TM) 64-Bit Server VM (25.51-b03 mixed mode windows-amd64 compressed oops)
Heap:
 PSYoungGen      total 1833472K, used 1185946K [0x000000073e000000, 0x00000007b5b80000, 0x00000007c0000000)
  eden space 1721856K, 68% used [0x000000073e000000,0x00000007860ce190,0x00000007a7180000)
  from space 111616K, 4% used [0x00000007aee80000,0x00000007af3d87b8,0x00000007b5b80000)
  to   space 119808K, 0% used [0x00000007a7180000,0x00000007a7180000,0x00000007ae680000)
 ParOldGen       total 1922048K, used 1704793K [0x000000063a000000, 0x00000006af500000, 0x000000073e000000)
  object space 1922048K, 88% used [0x000000063a000000,0x00000006a20d6580,0x00000006af500000)
 Metaspace       used 256851K, capacity 294900K, committed 295192K, reserved 1286144K
  class space    used 46536K, capacity 57519K, committed 57624K, reserved 1048576K
GC Heap History (10 events):
Event: 411.647 GC heap before
{Heap before GC invocations=142 (full 8):
 PSYoungGen      total 1702400K, used 1702049K [0x000000073e000000, 0x00000007b9b00000, 0x00000007c0000000)
  eden space 1694720K, 100% used [0x000000073e000000,0x00000007a5700000,0x00000007a5700000)
  from space 7680K, 95% used [0x00000007a5700000,0x00000007a5e287b8,0x00000007a5e80000)
  to   space 161280K, 0% used [0x00000007afd80000,0x00000007afd80000,0x00000007b9b00000)
 ParOldGen       total 1922048K, used 1700482K [0x000000063a000000, 0x00000006af500000, 0x000000073e000000)
  object space 1922048K, 88% used [0x000000063a000000,0x00000006a1ca0a60,0x00000006af500000)
 Metaspace       used 256795K, capacity 294818K, committed 295192K, reserved 1286144K
  class space    used 46522K, capacity 57498K, committed 57624K, reserved 1048576K
Event: 411.672 GC heap after
Heap after GC invocations=142 (full 8):
 PSYoungGen      total 1847808K, used 6113K [0x000000073e000000, 0x00000007b8a00000, 0x00000007c0000000)
  eden space 1703936K, 0% used [0x000000073e000000,0x000000073e000000,0x00000007a6000000)
  from space 143872K, 4% used [0x00000007afd80000,0x00000007b03787b8,0x00000007b8a00000)
  to   space 152576K, 0% used [0x00000007a6000000,0x00000007a6000000,0x00000007af500000)
 ParOldGen       total 1922048K, used 1701690K [0x000000063a000000, 0x00000006af500000, 0x000000073e000000)
  object space 1922048K, 88% used [0x000000063a000000,0x00000006a1dcea60,0x00000006af500000)
 Metaspace       used 256795K, capacity 294818K, committed 295192K, reserved 1286144K
  class space    used 46522K, capacity 57498K, committed 57624K, reserved 1048576K
}
Event: 416.906 GC heap before
{Heap before GC invocations=143 (full 8):
 PSYoungGen      total 1847808K, used 1710049K [0x000000073e000000, 0x00000007b8a00000, 0x00000007c0000000)
  eden space 1703936K, 100% used [0x000000073e000000,0x00000007a6000000,0x00000007a6000000)
  from space 143872K, 4% used [0x00000007afd80000,0x00000007b03787b8,0x00000007b8a00000)
  to   space 152576K, 0% used [0x00000007a6000000,0x00000007a6000000,0x00000007af500000)
 ParOldGen       total 1922048K, used 1701694K [0x000000063a000000, 0x00000006af500000, 0x000000073e000000)
  object space 1922048K, 88% used [0x000000063a000000,0x00000006a1dcf948,0x00000006af500000)
 Metaspace       used 256796K, capacity 294818K, committed 295192K, reserved 1286144K
  class space    used 46522K, capacity 57498K, committed 57624K, reserved 1048576K
Event: 416.933 GC heap after
Heap after GC invocations=143 (full 8):
 PSYoungGen      total 1856512K, used 4673K [0x000000073e000000, 0x00000007b8200000, 0x00000007c0000000)
  eden space 1703936K, 0% used [0x000000073e000000,0x000000073e000000,0x00000007a6000000)
  from space 152576K, 3% used [0x00000007a6000000,0x00000007a64907b8,0x00000007af500000)
  to   space 143872K, 0% used [0x00000007af580000,0x00000007af580000,0x00000007b8200000)
 ParOldGen       total 1922048K, used 1703350K [0x000000063a000000, 0x00000006af500000, 0x000000073e000000)
  object space 1922048K, 88% used [0x000000063a000000,0x00000006a1f6d948,0x00000006af500000)
 Metaspace       used 256796K, capacity 294818K, committed 295192K, reserved 1286144K
  class space    used 46522K, capacity 57498K, committed 57624K, reserved 1048576K
}
Event: 422.164 GC heap before
{Heap before GC invocations=144 (full 8):
 PSYoungGen      total 1856512K, used 1708609K [0x000000073e000000, 0x00000007b8200000, 0x00000007c0000000)
  eden space 1703936K, 100% used [0x000000073e000000,0x00000007a6000000,0x00000007a6000000)
  from space 152576K, 3% used [0x00000007a6000000,0x00000007a64907b8,0x00000007af500000)
  to   space 143872K, 0% used [0x00000007af580000,0x00000007af580000,0x00000007b8200000)
 ParOldGen       total 1922048K, used 1703355K [0x000000063a000000, 0x00000006af500000, 0x000000073e000000)
  object space 1922048K, 88% used [0x000000063a000000,0x00000006a1f6ee98,0x00000006af500000)
 Metaspace       used 256796K, capacity 294818K, committed 295192K, reserved 1286144K
  class space    used 46523K, capacity 57498K, committed 57624K, reserved 1048576K
Event: 422.187 GC heap after
Heap after GC invocations=144 (full 8):
 PSYoungGen      total 1840640K, used 4673K [0x000000073e000000, 0x00000007b7200000, 0x00000007c0000000)
  eden space 1713152K, 0% used [0x000000073e000000,0x000000073e000000,0x00000007a6900000)
  from space 127488K, 3% used [0x00000007af580000,0x00000007afa107b8,0x00000007b7200000)
  to   space 135680K, 0% used [0x00000007a6900000,0x00000007a6900000,0x00000007aed80000)
 ParOldGen       total 1922048K, used 1703475K [0x000000063a000000, 0x00000006af500000, 0x000000073e000000)
  object space 1922048K, 88% used [0x000000063a000000,0x00000006a1f8ce98,0x00000006af500000)
 Metaspace       used 256796K, capacity 294818K, committed 295192K, reserved 1286144K
  class space    used 46523K, capacity 57498K, committed 57624K, reserved 1048576K
}
Event: 427.436 GC heap before
{Heap before GC invocations=145 (full 8):
 PSYoungGen      total 1840640K, used 1717825K [0x000000073e000000, 0x00000007b7200000, 0x00000007c0000000)
  eden space 1713152K, 100% used [0x000000073e000000,0x00000007a6900000,0x00000007a6900000)
  from space 127488K, 3% used [0x00000007af580000,0x00000007afa107b8,0x00000007b7200000)
  to   space 135680K, 0% used [0x00000007a6900000,0x00000007a6900000,0x00000007aed80000)
 ParOldGen       total 1922048K, used 1704564K [0x000000063a000000, 0x00000006af500000, 0x000000073e000000)
  object space 1922048K, 88% used [0x000000063a000000,0x00000006a209d0e8,0x00000006af500000)
 Metaspace       used 256796K, capacity 294818K, committed 295192K, reserved 1286144K
  class space    used 46523K, capacity 57498K, committed 57624K, reserved 1048576K
Event: 427.463 GC heap after
Heap after GC invocations=145 (full 8):
 PSYoungGen      total 1848832K, used 6665K [0x000000073e000000, 0x00000007b6b00000, 0x00000007c0000000)
  eden space 1713152K, 0% used [0x000000073e000000,0x000000073e000000,0x00000007a6900000)
  from space 135680K, 4% used [0x00000007a6900000,0x00000007a6f82630,0x00000007aed80000)
  to   space 127488K, 0% used [0x00000007aee80000,0x00000007aee80000,0x00000007b6b00000)
 ParOldGen       total 1922048K, used 1704684K [0x000000063a000000, 0x00000006af500000, 0x000000073e000000)
  object space 1922048K, 88% used [0x000000063a000000,0x00000006a20bb0e8,0x00000006af500000)
 Metaspace       used 256796K, capacity 294818K, committed 295192K, reserved 1286144K
  class space    used 46523K, capacity 57498K, committed 57624K, reserved 1048576K
}
Event: 432.640 GC heap before
{Heap before GC invocations=146 (full 8):
 PSYoungGen      total 1848832K, used 1719817K [0x000000073e000000, 0x00000007b6b00000, 0x00000007c0000000)
  eden space 1713152K, 100% used [0x000000073e000000,0x00000007a6900000,0x00000007a6900000)
  from space 135680K, 4% used [0x00000007a6900000,0x00000007a6f82630,0x00000007aed80000)
  to   space 127488K, 0% used [0x00000007aee80000,0x00000007aee80000,0x00000007b6b00000)
 ParOldGen       total 1922048K, used 1704689K [0x000000063a000000, 0x00000006af500000, 0x000000073e000000)
  object space 1922048K, 88% used [0x000000063a000000,0x00000006a20bc580,0x00000006af500000)
 Metaspace       used 256797K, capacity 294818K, committed 295192K, reserved 1286144K
  class space    used 46523K, capacity 57498K, committed 57624K, reserved 1048576K
Event: 432.662 GC heap after
Heap after GC invocations=146 (full 8):
 PSYoungGen      total 1833472K, used 5473K [0x000000073e000000, 0x00000007b5b80000, 0x00000007c0000000)
  eden space 1721856K, 0% used [0x000000073e000000,0x000000073e000000,0x00000007a7180000)
  from space 111616K, 4% used [0x00000007aee80000,0x00000007af3d87b8,0x00000007b5b80000)
  to   space 119808K, 0% used [0x00000007a7180000,0x00000007a7180000,0x00000007ae680000)
 ParOldGen       total 1922048K, used 1704793K [0x000000063a000000, 0x00000006af500000, 0x000000073e000000)
  object space 1922048K, 88% used [0x000000063a000000,0x00000006a20d6580,0x00000006af500000)
 Metaspace       used 256797K, capacity 294818K, committed 295192K, reserved 1286144K
  class space    used 46523K, capacity 57498K, committed 57624K, reserved 1048576K
}

