# JRE version: Java(TM) SE Runtime Environment (8.0_51-b16) (build 1.8.0_51-b16)
# Java VM: Java HotSpot(TM) 64-Bit Server VM (25.51-b03 mixed mode windows-amd64 compressed oops)
Heap:
 PSYoungGen      total 1358336K, used 1353802K [0x000000073e000000, 0x00000007c0000000, 0x00000007c0000000)
  eden space 1357824K, 99% used [0x000000073e000000,0x0000000790a12b88,0x0000000790e00000)
  from space 512K, 0% used [0x0000000790e00000,0x0000000790e00000,0x0000000790e80000)
  to   space 390656K, 0% used [0x00000007a8280000,0x00000007a8280000,0x00000007c0000000)
 ParOldGen       total 1129984K, used 1077637K [0x000000063a000000, 0x000000067ef80000, 0x000000073e000000)
  object space 1129984K, 95% used [0x000000063a000000,0x000000067bc615e0,0x000000067ef80000)
 Metaspace       used 262510K, capacity 295582K, committed 295796K, reserved 1284096K
  class space    used 50617K, capacity 61692K, committed 61812K, reserved 1048576K
GC Heap History (10 events):
Event: 126.168 GC heap before
{Heap before GC invocations=63 (full 6):
 PSYoungGen      total 1746432K, used 1746425K [0x000000073e000000, 0x00000007c0000000, 0x00000007c0000000)
  eden space 1509376K, 100% used [0x000000073e000000,0x000000079a200000,0x000000079a200000)
  from space 237056K, 99% used [0x00000007b1880000,0x00000007bfffe460,0x00000007c0000000)
  to   space 310272K, 0% used [0x000000079a200000,0x000000079a200000,0x00000007ad100000)
 ParOldGen       total 1129984K, used 858882K [0x000000063a000000, 0x000000067ef80000, 0x000000073e000000)
  object space 1129984K, 76% used [0x000000063a000000,0x000000066e6c0a08,0x000000067ef80000)
 Metaspace       used 260858K, capacity 293016K, committed 293108K, reserved 1282048K
  class space    used 50399K, capacity 61375K, committed 61428K, reserved 1048576K
Event: 126.362 GC heap after
Heap after GC invocations=63 (full 6):
 PSYoungGen      total 1800192K, used 290426K [0x000000073e000000, 0x00000007c0000000, 0x00000007c0000000)
  eden space 1509376K, 0% used [0x000000073e000000,0x000000073e000000,0x000000079a200000)
  from space 290816K, 99% used [0x000000079a200000,0x00000007abd9e9e0,0x00000007abe00000)
  to   space 329728K, 0% used [0x00000007abe00000,0x00000007abe00000,0x00000007c0000000)
 ParOldGen       total 1129984K, used 884908K [0x000000063a000000, 0x000000067ef80000, 0x000000073e000000)
  object space 1129984K, 78% used [0x000000063a000000,0x000000067002b218,0x000000067ef80000)
 Metaspace       used 260858K, capacity 293016K, committed 293108K, reserved 1282048K
  class space    used 50399K, capacity 61375K, committed 61428K, reserved 1048576K
}
Event: 127.944 GC heap before
{Heap before GC invocations=64 (full 6):
 PSYoungGen      total 1800192K, used 600886K [0x000000073e000000, 0x00000007c0000000, 0x00000007c0000000)
  eden space 1509376K, 20% used [0x000000073e000000,0x0000000750f2f1b0,0x000000079a200000)
  from space 290816K, 99% used [0x000000079a200000,0x00000007abd9e9e0,0x00000007abe00000)
  to   space 329728K, 0% used [0x00000007abe00000,0x00000007abe00000,0x00000007c0000000)
 ParOldGen       total 1129984K, used 884908K [0x000000063a000000, 0x000000067ef80000, 0x000000073e000000)
  object space 1129984K, 78% used [0x000000063a000000,0x000000067002b218,0x000000067ef80000)
 Metaspace       used 261208K, capacity 293570K, committed 293748K, reserved 1282048K
  class space    used 50449K, capacity 61460K, committed 61556K, reserved 1048576K
Event: 128.100 GC heap after
Heap after GC invocations=64 (full 6):
 PSYoungGen      total 1687552K, used 294662K [0x000000073e000000, 0x00000007c0000000, 0x00000007c0000000)
  eden space 1357824K, 0% used [0x000000073e000000,0x000000073e000000,0x0000000790e00000)
  from space 329728K, 89% used [0x00000007abe00000,0x00000007bddc1910,0x00000007c0000000)
  to   space 386048K, 0% used [0x0000000790e00000,0x0000000790e00000,0x00000007a8700000)
 ParOldGen       total 1129984K, used 884916K [0x000000063a000000, 0x000000067ef80000, 0x000000073e000000)
  object space 1129984K, 78% used [0x000000063a000000,0x000000067002d218,0x000000067ef80000)
 Metaspace       used 261208K, capacity 293570K, committed 293748K, reserved 1282048K
  class space    used 50449K, capacity 61460K, committed 61556K, reserved 1048576K
}
Event: 128.100 GC heap before
{Heap before GC invocations=65 (full 7):
 PSYoungGen      total 1687552K, used 294662K [0x000000073e000000, 0x00000007c0000000, 0x00000007c0000000)
  eden space 1357824K, 0% used [0x000000073e000000,0x000000073e000000,0x0000000790e00000)
  from space 329728K, 89% used [0x00000007abe00000,0x00000007bddc1910,0x00000007c0000000)
  to   space 386048K, 0% used [0x0000000790e00000,0x0000000790e00000,0x00000007a8700000)
 ParOldGen       total 1129984K, used 884916K [0x000000063a000000, 0x000000067ef80000, 0x000000073e000000)
  object space 1129984K, 78% used [0x000000063a000000,0x000000067002d218,0x000000067ef80000)
 Metaspace       used 261208K, capacity 293570K, committed 293748K, reserved 1282048K
  class space    used 50449K, capacity 61460K, committed 61556K, reserved 1048576K
Event: 130.538 GC heap after
Heap after GC invocations=65 (full 7):
 PSYoungGen      total 1687552K, used 0K [0x000000073e000000, 0x00000007c0000000, 0x00000007c0000000)
  eden space 1357824K, 0% used [0x000000073e000000,0x000000073e000000,0x0000000790e00000)
  from space 329728K, 0% used [0x00000007abe00000,0x00000007abe00000,0x00000007c0000000)
  to   space 386048K, 0% used [0x0000000790e00000,0x0000000790e00000,0x00000007a8700000)
 ParOldGen       total 1129984K, used 1077476K [0x000000063a000000, 0x000000067ef80000, 0x000000073e000000)
  object space 1129984K, 95% used [0x000000063a000000,0x000000067bc39210,0x000000067ef80000)
 Metaspace       used 261188K, capacity 293538K, committed 293748K, reserved 1282048K
  class space    used 50446K, capacity 61454K, committed 61556K, reserved 1048576K
}
Event: 130.582 GC heap before
{Heap before GC invocations=66 (full 7):
 PSYoungGen      total 1687552K, used 20345K [0x000000073e000000, 0x00000007c0000000, 0x00000007c0000000)
  eden space 1357824K, 1% used [0x000000073e000000,0x000000073f3de678,0x0000000790e00000)
  from space 329728K, 0% used [0x00000007abe00000,0x00000007abe00000,0x00000007c0000000)
  to   space 386048K, 0% used [0x0000000790e00000,0x0000000790e00000,0x00000007a8700000)
 ParOldGen       total 1129984K, used 1077476K [0x000000063a000000, 0x000000067ef80000, 0x000000073e000000)
  object space 1129984K, 95% used [0x000000063a000000,0x000000067bc39210,0x000000067ef80000)
 Metaspace       used 261496K, capacity 293860K, committed 294004K, reserved 1282048K
  class space    used 50474K, capacity 61493K, committed 61556K, reserved 1048576K
Event: 130.593 GC heap after
Heap after GC invocations=66 (full 7):
 PSYoungGen      total 1358336K, used 478K [0x000000073e000000, 0x00000007c0000000, 0x00000007c0000000)
  eden space 1357824K, 0% used [0x000000073e000000,0x000000073e000000,0x0000000790e00000)
  from space 512K, 93% used [0x0000000790e00000,0x0000000790e77a20,0x0000000790e80000)
  to   space 390656K, 0% used [0x00000007a8280000,0x00000007a8280000,0x00000007c0000000)
 ParOldGen       total 1129984K, used 1077476K [0x000000063a000000, 0x000000067ef80000, 0x000000073e000000)
  object space 1129984K, 95% used [0x000000063a000000,0x000000067bc39210,0x000000067ef80000)
 Metaspace       used 261496K, capacity 293860K, committed 294004K, reserved 1282048K
  class space    used 50474K, capacity 61493K, committed 61556K, reserved 1048576K
}
Event: 130.593 GC heap before
{Heap before GC invocations=67 (full 8):
 PSYoungGen      total 1358336K, used 478K [0x000000073e000000, 0x00000007c0000000, 0x00000007c0000000)
  eden space 1357824K, 0% used [0x000000073e000000,0x000000073e000000,0x0000000790e00000)
  from space 512K, 93% used [0x0000000790e00000,0x0000000790e77a20,0x0000000790e80000)
  to   space 390656K, 0% used [0x00000007a8280000,0x00000007a8280000,0x00000007c0000000)
 ParOldGen       total 1129984K, used 1077476K [0x000000063a000000, 0x000000067ef80000, 0x000000073e000000)
  object space 1129984K, 95% used [0x000000063a000000,0x000000067bc39210,0x000000067ef80000)
 Metaspace       used 261496K, capacity 293860K, committed 294004K, reserved 1282048K
  class space    used 50474K, capacity 61493K, committed 61556K, reserved 1048576K
Event: 132.303 GC heap after
Heap after GC invocations=67 (full 8):
 PSYoungGen      total 1358336K, used 0K [0x000000073e000000, 0x00000007c0000000, 0x00000007c0000000)
  eden space 1357824K, 0% used [0x000000073e000000,0x000000073e000000,0x0000000790e00000)
  from space 512K, 0% used [0x0000000790e00000,0x0000000790e00000,0x0000000790e80000)
  to   space 390656K, 0% used [0x00000007a8280000,0x00000007a8280000,0x00000007c0000000)
 ParOldGen       total 1129984K, used 1077637K [0x000000063a000000, 0x000000067ef80000, 0x000000073e000000)
  object space 1129984K, 95% used [0x000000063a000000,0x000000067bc615e0,0x000000067ef80000)
 Metaspace       used 261496K, capacity 293860K, committed 294004K, reserved 1282048K
  class space    used 50474K, capacity 61493K, committed 61556K, reserved 1048576K
}

