# JRE version: Java(TM) SE Runtime Environment (8.0_51-b16) (build 1.8.0_51-b16)
# Java VM: Java HotSpot(TM) 64-Bit Server VM (25.51-b03 mixed mode windows-amd64 compressed oops)
Heap:
 PSYoungGen      total 1738240K, used 835987K [0x000000073e000000, 0x00000007be200000, 0x00000007c0000000)
  eden space 1370624K, 60% used [0x000000073e000000,0x0000000770fc0c30,0x0000000791a80000)
  from space 367616K, 0% used [0x0000000791a80000,0x0000000791b24010,0x00000007a8180000)
  to   space 356864K, 0% used [0x00000007a8580000,0x00000007a8580000,0x00000007be200000)
 ParOldGen       total 1130496K, used 1077276K [0x000000063a000000, 0x000000067f000000, 0x000000073e000000)
  object space 1130496K, 95% used [0x000000063a000000,0x000000067bc07190,0x000000067f000000)
 Metaspace       used 262755K, capacity 295866K, committed 296072K, reserved 1284096K
  class space    used 50635K, capacity 61709K, committed 61832K, reserved 1048576K
GC Heap History (10 events):
Event: 175.533 GC heap before
{Heap before GC invocations=69 (full 8):
 PSYoungGen      total 1361408K, used 461K [0x000000073e000000, 0x00000007c0000000, 0x00000007c0000000)
  eden space 1360896K, 0% used [0x000000073e000000,0x000000073e000000,0x0000000791100000)
  from space 512K, 90% used [0x0000000791100000,0x00000007911736d0,0x0000000791180000)
  to   space 385536K, 0% used [0x00000007a8780000,0x00000007a8780000,0x00000007c0000000)
 ParOldGen       total 1130496K, used 1077189K [0x000000063a000000, 0x000000067f000000, 0x000000073e000000)
  object space 1130496K, 95% used [0x000000063a000000,0x000000067bbf1448,0x000000067f000000)
 Metaspace       used 261597K, capacity 293924K, committed 294024K, reserved 1282048K
  class space    used 50482K, capacity 61494K, committed 61576K, reserved 1048576K
Event: 177.899 GC heap after
Heap after GC invocations=69 (full 8):
 PSYoungGen      total 1361408K, used 0K [0x000000073e000000, 0x00000007c0000000, 0x00000007c0000000)
  eden space 1360896K, 0% used [0x000000073e000000,0x000000073e000000,0x0000000791100000)
  from space 512K, 0% used [0x0000000791100000,0x0000000791100000,0x0000000791180000)
  to   space 385536K, 0% used [0x00000007a8780000,0x00000007a8780000,0x00000007c0000000)
 ParOldGen       total 1130496K, used 1077153K [0x000000063a000000, 0x000000067f000000, 0x000000073e000000)
  object space 1130496K, 95% used [0x000000063a000000,0x000000067bbe8730,0x000000067f000000)
 Metaspace       used 261597K, capacity 293924K, committed 294024K, reserved 1282048K
  class space    used 50482K, capacity 61494K, committed 61576K, reserved 1048576K
}
Event: 301.357 GC heap before
{Heap before GC invocations=70 (full 8):
 PSYoungGen      total 1361408K, used 1360896K [0x000000073e000000, 0x00000007c0000000, 0x00000007c0000000)
  eden space 1360896K, 100% used [0x000000073e000000,0x0000000791100000,0x0000000791100000)
  from space 512K, 0% used [0x0000000791100000,0x0000000791100000,0x0000000791180000)
  to   space 385536K, 0% used [0x00000007a8780000,0x00000007a8780000,0x00000007c0000000)
 ParOldGen       total 1130496K, used 1077157K [0x000000063a000000, 0x000000067f000000, 0x000000073e000000)
  object space 1130496K, 95% used [0x000000063a000000,0x000000067bbe9588,0x000000067f000000)
 Metaspace       used 262581K, capacity 295558K, committed 295688K, reserved 1284096K
  class space    used 50615K, capacity 61679K, committed 61704K, reserved 1048576K
Event: 301.374 GC heap after
Heap after GC invocations=70 (full 8):
 PSYoungGen      total 1746944K, used 688K [0x000000073e000000, 0x00000007c0000000, 0x00000007c0000000)
  eden space 1361408K, 0% used [0x000000073e000000,0x000000073e000000,0x0000000791180000)
  from space 385536K, 0% used [0x00000007a8780000,0x00000007a882c010,0x00000007c0000000)
  to   space 382976K, 0% used [0x0000000791180000,0x0000000791180000,0x00000007a8780000)
 ParOldGen       total 1130496K, used 1077165K [0x000000063a000000, 0x000000067f000000, 0x000000073e000000)
  object space 1130496K, 95% used [0x000000063a000000,0x000000067bbeb588,0x000000067f000000)
 Metaspace       used 262581K, capacity 295558K, committed 295688K, reserved 1284096K
  class space    used 50615K, capacity 61679K, committed 61704K, reserved 1048576K
}
Event: 442.810 GC heap before
{Heap before GC invocations=71 (full 8):
 PSYoungGen      total 1746944K, used 1362096K [0x000000073e000000, 0x00000007c0000000, 0x00000007c0000000)
  eden space 1361408K, 100% used [0x000000073e000000,0x0000000791180000,0x0000000791180000)
  from space 385536K, 0% used [0x00000007a8780000,0x00000007a882c010,0x00000007c0000000)
  to   space 382976K, 0% used [0x0000000791180000,0x0000000791180000,0x00000007a8780000)
 ParOldGen       total 1130496K, used 1077211K [0x000000063a000000, 0x000000067f000000, 0x000000073e000000)
  object space 1130496K, 95% used [0x000000063a000000,0x000000067bbf6e20,0x000000067f000000)
 Metaspace       used 262603K, capacity 295622K, committed 295688K, reserved 1284096K
  class space    used 50615K, capacity 61679K, committed 61704K, reserved 1048576K
Event: 442.825 GC heap after
Heap after GC invocations=71 (full 8):
 PSYoungGen      total 1362432K, used 624K [0x000000073e000000, 0x00000007bf180000, 0x00000007c0000000)
  eden space 1361408K, 0% used [0x000000073e000000,0x000000073e000000,0x0000000791180000)
  from space 1024K, 60% used [0x0000000791180000,0x000000079121c010,0x0000000791280000)
  to   space 376832K, 0% used [0x00000007a8180000,0x00000007a8180000,0x00000007bf180000)
 ParOldGen       total 1130496K, used 1077219K [0x000000063a000000, 0x000000067f000000, 0x000000073e000000)
  object space 1130496K, 95% used [0x000000063a000000,0x000000067bbf8e20,0x000000067f000000)
 Metaspace       used 262603K, capacity 295622K, committed 295688K, reserved 1284096K
  class space    used 50615K, capacity 61679K, committed 61704K, reserved 1048576K
}
Event: 581.536 GC heap before
{Heap before GC invocations=72 (full 8):
 PSYoungGen      total 1362432K, used 1362032K [0x000000073e000000, 0x00000007bf180000, 0x00000007c0000000)
  eden space 1361408K, 100% used [0x000000073e000000,0x0000000791180000,0x0000000791180000)
  from space 1024K, 60% used [0x0000000791180000,0x000000079121c010,0x0000000791280000)
  to   space 376832K, 0% used [0x00000007a8180000,0x00000007a8180000,0x00000007bf180000)
 ParOldGen       total 1130496K, used 1077223K [0x000000063a000000, 0x000000067f000000, 0x000000073e000000)
  object space 1130496K, 95% used [0x000000063a000000,0x000000067bbf9ed8,0x000000067f000000)
 Metaspace       used 262609K, capacity 295622K, committed 295688K, reserved 1284096K
  class space    used 50615K, capacity 61679K, committed 61704K, reserved 1048576K
Event: 581.548 GC heap after
Heap after GC invocations=72 (full 8):
 PSYoungGen      total 1747456K, used 640K [0x000000073e000000, 0x00000007c0000000, 0x00000007c0000000)
  eden space 1370624K, 0% used [0x000000073e000000,0x000000073e000000,0x0000000791a80000)
  from space 376832K, 0% used [0x00000007a8180000,0x00000007a8220000,0x00000007bf180000)
  to   space 367616K, 0% used [0x0000000791a80000,0x0000000791a80000,0x00000007a8180000)
 ParOldGen       total 1130496K, used 1077231K [0x000000063a000000, 0x000000067f000000, 0x000000073e000000)
  object space 1130496K, 95% used [0x000000063a000000,0x000000067bbfbed8,0x000000067f000000)
 Metaspace       used 262609K, capacity 295622K, committed 295688K, reserved 1284096K
  class space    used 50615K, capacity 61679K, committed 61704K, reserved 1048576K
}
Event: 720.589 GC heap before
{Heap before GC invocations=73 (full 8):
 PSYoungGen      total 1747456K, used 1371264K [0x000000073e000000, 0x00000007c0000000, 0x00000007c0000000)
  eden space 1370624K, 100% used [0x000000073e000000,0x0000000791a80000,0x0000000791a80000)
  from space 376832K, 0% used [0x00000007a8180000,0x00000007a8220000,0x00000007bf180000)
  to   space 367616K, 0% used [0x0000000791a80000,0x0000000791a80000,0x00000007a8180000)
 ParOldGen       total 1130496K, used 1077268K [0x000000063a000000, 0x000000067f000000, 0x000000073e000000)
  object space 1130496K, 95% used [0x000000063a000000,0x000000067bc05190,0x000000067f000000)
 Metaspace       used 262711K, capacity 295746K, committed 295944K, reserved 1284096K
  class space    used 50628K, capacity 61699K, committed 61704K, reserved 1048576K
Event: 720.608 GC heap after
Heap after GC invocations=73 (full 8):
 PSYoungGen      total 1738240K, used 656K [0x000000073e000000, 0x00000007be200000, 0x00000007c0000000)
  eden space 1370624K, 0% used [0x000000073e000000,0x000000073e000000,0x0000000791a80000)
  from space 367616K, 0% used [0x0000000791a80000,0x0000000791b24010,0x00000007a8180000)
  to   space 356864K, 0% used [0x00000007a8580000,0x00000007a8580000,0x00000007be200000)
 ParOldGen       total 1130496K, used 1077276K [0x000000063a000000, 0x000000067f000000, 0x000000073e000000)
  object space 1130496K, 95% used [0x000000063a000000,0x000000067bc07190,0x000000067f000000)
 Metaspace       used 262711K, capacity 295746K, committed 295944K, reserved 1284096K
  class space    used 50628K, capacity 61699K, committed 61704K, reserved 1048576K
}

